<?xml version="1.0" encoding="UTF-8"?>
<!-- Generated by org.testng.reporters.JUnitXMLReporter -->
<testsuite ignored="0" hostname="DESKTOP-FHJP6J4" failures="1" tests="1" name="Test(failed)" time="18.116" errors="0" timestamp="2024-03-14T07:10:02 EDT">
  <testcase classname="testCases.TC_002_LoginTest" name="verify_Login" time="11.51">
    <failure type="java.lang.AssertionError" message="null">
      <![CDATA[java.lang.AssertionError: null
at testCases.TC_002_LoginTest.verify_Login(TC_002_LoginTest.java:46)
at java.base/java.util.ArrayList.forEach(ArrayList.java:1511)
... Removed 29 stack frames]]>
    </failure>
  </testcase> <!-- verify_Login -->
</testsuite> <!-- Test(failed) -->
