<?xml version="1.0" encoding="UTF-8"?>
<testsuite xmlns:xsi="http://www.w3.org/2001/XMLSchema-instance" xsi:noNamespaceSchemaLocation="https://maven.apache.org/surefire/maven-surefire-plugin/xsd/surefire-test-report-3.0.xsd" version="3.0" name="TestSuite" time="31.75" tests="4" errors="0" skipped="0" failures="0">
  <properties>
[...]
</properties>
  <testcase name="verify_account_registration" classname="testCases.TC_001_AccountRegistrationTest" time="2.326">
    <system-out><![CDATA[08:29:18.781 [main] DEBUG org.testng.TestNG - suiteXmlPath: "C:\Users\sjang\OneDrive\Desktop\Eclipse\HybridFrameWork\salesforce\master.xml"
08:29:24.570 [main] INFO  testCases.TC_001_AccountRegistrationTest - ******Starting TC_001_AccountRegistrationTest******
08:29:24.570 [main] DEBUG testCases.TC_001_AccountRegistrationTest - application logs
08:29:24.682 [main] INFO  testCases.TC_001_AccountRegistrationTest - Clicked on MyAccount Link
08:29:25.421 [main] INFO  testCases.TC_001_AccountRegistrationTest - Clicked on Registration Link
08:29:25.421 [main] INFO  testCases.TC_001_AccountRegistrationTest - ****Entering new customer information****
08:29:26.888 [main] INFO  testCases.TC_001_AccountRegistrationTest - test passed....
08:29:26.890 [main] INFO  testCases.TC_001_AccountRegistrationTest - ******Finished TC_001_AccountRegistrationTest******
]]></system-out>
    <system-err><![CDATA[Mar 29, 2024 8:29:21 AM org.openqa.selenium.devtools.CdpVersionFinder findNearestMatch
WARNING: Unable to find an exact match for CDP version 123, returning the closest version; found: 119; Please update to a Selenium version that supports CDP version 123
]]></system-err>
  </testcase>
  <testcase name="verify_account_registration" classname="testCases.TC_001_AccountRegistrationTest" time="2.433">
    <system-out><![CDATA[08:29:39.380 [main] INFO  testCases.TC_001_AccountRegistrationTest - ******Starting TC_001_AccountRegistrationTest******
08:29:39.380 [main] DEBUG testCases.TC_001_AccountRegistrationTest - application logs
08:29:39.455 [main] INFO  testCases.TC_001_AccountRegistrationTest - Clicked on MyAccount Link
08:29:40.203 [main] INFO  testCases.TC_001_AccountRegistrationTest - Clicked on Registration Link
08:29:40.203 [main] INFO  testCases.TC_001_AccountRegistrationTest - ****Entering new customer information****
08:29:41.812 [main] INFO  testCases.TC_001_AccountRegistrationTest - test passed....
08:29:41.812 [main] INFO  testCases.TC_001_AccountRegistrationTest - ******Finished TC_001_AccountRegistrationTest******
]]></system-out>
    <system-err><![CDATA[Mar 29, 2024 8:29:33 AM org.openqa.selenium.remote.http.WebSocket$Listener onError
WARNING: Connection reset
java.net.SocketException: Connection reset
	at java.base/sun.nio.ch.SocketChannelImpl.throwConnectionReset(SocketChannelImpl.java:401)
	at java.base/sun.nio.ch.SocketChannelImpl.read(SocketChannelImpl.java:434)
	at java.net.http/jdk.internal.net.http.SocketTube.readAvailable(SocketTube.java:1178)
	at java.net.http/jdk.internal.net.http.SocketTube$InternalReadPublisher$InternalReadSubscription.read(SocketTube.java:841)
	at java.net.http/jdk.internal.net.http.SocketTube$SocketFlowTask.run(SocketTube.java:181)
	at java.net.http/jdk.internal.net.http.common.SequentialScheduler$SchedulableTask.run(SequentialScheduler.java:207)
	at java.net.http/jdk.internal.net.http.common.SequentialScheduler.runOrSchedule(SequentialScheduler.java:280)
	at java.net.http/jdk.internal.net.http.common.SequentialScheduler.runOrSchedule(SequentialScheduler.java:233)
	at java.net.http/jdk.internal.net.http.SocketTube$InternalReadPublisher$InternalReadSubscription.signalReadable(SocketTube.java:782)
	at java.net.http/jdk.internal.net.http.SocketTube$InternalReadPublisher$ReadEvent.signalEvent(SocketTube.java:965)
	at java.net.http/jdk.internal.net.http.SocketTube$SocketFlowEvent.handle(SocketTube.java:253)
	at java.net.http/jdk.internal.net.http.HttpClientImpl$SelectorManager.handleEvent(HttpClientImpl.java:1467)
	at java.net.http/jdk.internal.net.http.HttpClientImpl$SelectorManager.lambda$run$3(HttpClientImpl.java:1412)
	at java.base/java.util.ArrayList.forEach(ArrayList.java:1596)
	at java.net.http/jdk.internal.net.http.HttpClientImpl$SelectorManager.run(HttpClientImpl.java:1412)

Mar 29, 2024 8:29:36 AM org.openqa.selenium.devtools.CdpVersionFinder findNearestMatch
WARNING: Unable to find an exact match for CDP version 122, returning the closest version; found: 119; Please update to a Selenium version that supports CDP version 122
]]></system-err>
  </testcase>
  <testcase name="verify_Login" classname="testCases.TC_002_LoginTest" time="1.519">
    <system-out><![CDATA[08:29:31.814 [main] INFO  testCases.TC_002_LoginTest - ************Starting TC_002_LoginTest*************
08:29:31.814 [main] DEBUG testCases.TC_002_LoginTest - Capturing application debug logs
08:29:31.814 [main] INFO  testCases.TC_002_LoginTest - Clicked on MyAccount link
08:29:31.877 [main] INFO  testCases.TC_002_LoginTest - Clicked on login link
08:29:32.293 [main] INFO  testCases.TC_002_LoginTest - entering valid email address
08:29:32.404 [main] INFO  testCases.TC_002_LoginTest - entering valid password
08:29:32.486 [main] INFO  testCases.TC_002_LoginTest - Clicking login button
08:29:33.332 [main] INFO  testCases.TC_002_LoginTest - Login Test Passed...
08:29:33.332 [main] INFO  testCases.TC_002_LoginTest - ************Finished TC_002_LoginTest*************
]]></system-out>
    <system-err><![CDATA[Mar 29, 2024 8:29:26 AM org.openqa.selenium.remote.http.WebSocket$Listener onError
WARNING: Connection reset
java.net.SocketException: Connection reset
	at java.base/sun.nio.ch.SocketChannelImpl.throwConnectionReset(SocketChannelImpl.java:401)
	at java.base/sun.nio.ch.SocketChannelImpl.read(SocketChannelImpl.java:434)
	at java.net.http/jdk.internal.net.http.SocketTube.readAvailable(SocketTube.java:1178)
	at java.net.http/jdk.internal.net.http.SocketTube$InternalReadPublisher$InternalReadSubscription.read(SocketTube.java:841)
	at java.net.http/jdk.internal.net.http.SocketTube$SocketFlowTask.run(SocketTube.java:181)
	at java.net.http/jdk.internal.net.http.common.SequentialScheduler$SchedulableTask.run(SequentialScheduler.java:207)
	at java.net.http/jdk.internal.net.http.common.SequentialScheduler.runOrSchedule(SequentialScheduler.java:280)
	at java.net.http/jdk.internal.net.http.common.SequentialScheduler.runOrSchedule(SequentialScheduler.java:233)
	at java.net.http/jdk.internal.net.http.SocketTube$InternalReadPublisher$InternalReadSubscription.signalReadable(SocketTube.java:782)
	at java.net.http/jdk.internal.net.http.SocketTube$InternalReadPublisher$ReadEvent.signalEvent(SocketTube.java:965)
	at java.net.http/jdk.internal.net.http.SocketTube$SocketFlowEvent.handle(SocketTube.java:253)
	at java.net.http/jdk.internal.net.http.HttpClientImpl$SelectorManager.handleEvent(HttpClientImpl.java:1467)
	at java.net.http/jdk.internal.net.http.HttpClientImpl$SelectorManager.lambda$run$3(HttpClientImpl.java:1412)
	at java.base/java.util.ArrayList.forEach(ArrayList.java:1596)
	at java.net.http/jdk.internal.net.http.HttpClientImpl$SelectorManager.run(HttpClientImpl.java:1412)

Mar 29, 2024 8:29:28 AM org.openqa.selenium.devtools.CdpVersionFinder findNearestMatch
WARNING: Unable to find an exact match for CDP version 123, returning the closest version; found: 119; Please update to a Selenium version that supports CDP version 123
]]></system-err>
  </testcase>
  <testcase name="verify_Login" classname="testCases.TC_002_LoginTest" time="1.711">
    <system-out><![CDATA[08:29:47.988 [main] INFO  testCases.TC_002_LoginTest - ************Starting TC_002_LoginTest*************
08:29:47.988 [main] DEBUG testCases.TC_002_LoginTest - Capturing application debug logs
08:29:47.988 [main] INFO  testCases.TC_002_LoginTest - Clicked on MyAccount link
08:29:48.060 [main] INFO  testCases.TC_002_LoginTest - Clicked on login link
08:29:48.551 [main] INFO  testCases.TC_002_LoginTest - entering valid email address
08:29:48.702 [main] INFO  testCases.TC_002_LoginTest - entering valid password
08:29:48.801 [main] INFO  testCases.TC_002_LoginTest - Clicking login button
08:29:49.698 [main] INFO  testCases.TC_002_LoginTest - Login Test Passed...
08:29:49.698 [main] INFO  testCases.TC_002_LoginTest - ************Finished TC_002_LoginTest*************
]]></system-out>
    <system-err><![CDATA[Mar 29, 2024 8:29:41 AM org.openqa.selenium.remote.http.WebSocket$Listener onError
WARNING: Connection reset
java.net.SocketException: Connection reset
	at java.base/sun.nio.ch.SocketChannelImpl.throwConnectionReset(SocketChannelImpl.java:401)
	at java.base/sun.nio.ch.SocketChannelImpl.read(SocketChannelImpl.java:434)
	at java.net.http/jdk.internal.net.http.SocketTube.readAvailable(SocketTube.java:1178)
	at java.net.http/jdk.internal.net.http.SocketTube$InternalReadPublisher$InternalReadSubscription.read(SocketTube.java:841)
	at java.net.http/jdk.internal.net.http.SocketTube$SocketFlowTask.run(SocketTube.java:181)
	at java.net.http/jdk.internal.net.http.common.SequentialScheduler$SchedulableTask.run(SequentialScheduler.java:207)
	at java.net.http/jdk.internal.net.http.common.SequentialScheduler.runOrSchedule(SequentialScheduler.java:280)
	at java.net.http/jdk.internal.net.http.common.SequentialScheduler.runOrSchedule(SequentialScheduler.java:233)
	at java.net.http/jdk.internal.net.http.SocketTube$InternalReadPublisher$InternalReadSubscription.signalReadable(SocketTube.java:782)
	at java.net.http/jdk.internal.net.http.SocketTube$InternalReadPublisher$ReadEvent.signalEvent(SocketTube.java:965)
	at java.net.http/jdk.internal.net.http.SocketTube$SocketFlowEvent.handle(SocketTube.java:253)
	at java.net.http/jdk.internal.net.http.HttpClientImpl$SelectorManager.handleEvent(HttpClientImpl.java:1467)
	at java.net.http/jdk.internal.net.http.HttpClientImpl$SelectorManager.lambda$run$3(HttpClientImpl.java:1412)
	at java.base/java.util.ArrayList.forEach(ArrayList.java:1596)
	at java.net.http/jdk.internal.net.http.HttpClientImpl$SelectorManager.run(HttpClientImpl.java:1412)

Mar 29, 2024 8:29:45 AM org.openqa.selenium.devtools.CdpVersionFinder findNearestMatch
WARNING: Unable to find an exact match for CDP version 122, returning the closest version; found: 119; Please update to a Selenium version that supports CDP version 122
]]></system-err>
  </testcase>
</testsuite>